0 verbose cli /usr/local/bin/node /usr/local/bin/npm
1 info using npm@11.12.1
2 info using node@v24.15.0
3 silly config load:file:/usr/local/lib/node_modules/npm/npmrc
4 silly config load:file:/Users/abhishek/Documents/Bills/billsbackend/.npmrc
5 silly config load:file:/Users/abhishek/.npmrc
6 silly config load:file:/usr/local/etc/npmrc
7 verbose title npm install
8 verbose argv "install" "--cache" "./.npm-cache"
9 verbose logfile logs-max:10 dir:/Users/abhishek/Documents/Bills/billsbackend/.npm-cache/_logs/2026-06-07T12_00_40_858Z-
10 verbose logfile /Users/abhishek/Documents/Bills/billsbackend/.npm-cache/_logs/2026-06-07T12_00_40_858Z-debug-0.log
11 silly logfile done cleaning log files
12 silly packumentCache heap:4496293888 maxSize:1124073472 maxEntrySize:562036736
13 silly idealTree buildDeps
14 silly fetch manifest pdf-parse@1.1.1
15 silly packumentCache full:https://registry.npmjs.org/pdf-parse cache-miss
16 verbose shrinkwrap failed to load node_modules/.package-lock.json out of date, updated: node_modules
17 http fetch GET 200 https://registry.npmjs.org/pdf-parse 169ms (cache revalidated)
18 silly packumentCache full:https://registry.npmjs.org/pdf-parse set size:182111 disposed:false
19 silly placeDep ROOT pdf-parse@1.1.1 REPLACE for: backend@1.0.0 want: 1.1.1
20 silly fetch manifest debug@^3.1.0
21 silly packumentCache full:https://registry.npmjs.org/debug cache-miss
22 silly fetch manifest node-ensure@^0.0.0
23 silly packumentCache full:https://registry.npmjs.org/node-ensure cache-miss
24 http fetch GET 200 https://registry.npmjs.org/debug 53ms (cache miss)
25 silly packumentCache full:https://registry.npmjs.org/debug set size:undefined disposed:false
26 http fetch GET 200 https://registry.npmjs.org/node-ensure 122ms (cache miss)
27 silly packumentCache full:https://registry.npmjs.org/node-ensure set size:undefined disposed:false
28 silly placeDep node_modules/pdf-parse debug@3.2.7 OK for: pdf-parse@1.1.1 want: ^3.1.0
29 silly placeDep ROOT node-ensure@0.0.0 OK for: pdf-parse@1.1.1 want: ^0.0.0
30 silly fetch manifest ms@^2.1.1
31 silly packumentCache full:https://registry.npmjs.org/ms cache-miss
32 http fetch GET 200 https://registry.npmjs.org/ms 42ms (cache miss)
33 silly packumentCache full:https://registry.npmjs.org/ms set size:undefined disposed:false
34 silly placeDep node_modules/pdf-parse ms@2.1.3 OK for: debug@3.2.7 want: ^2.1.1
35 silly reify mark retired [
35 silly reify   '/Users/abhishek/Documents/Bills/billsbackend/node_modules/pdfjs-dist'
35 silly reify ]
36 silly reify mark retired [
36 silly reify   '/Users/abhishek/Documents/Bills/billsbackend/node_modules/pdf-parse',
36 silly reify   '/Users/abhishek/Documents/Bills/billsbackend/node_modules/.bin/pdf-parse'
36 silly reify ]
37 silly reify mark retired [
37 silly reify   '/Users/abhishek/Documents/Bills/billsbackend/node_modules/@napi-rs/canvas'
37 silly reify ]
38 silly reify mark retired [
38 silly reify   '/Users/abhishek/Documents/Bills/billsbackend/node_modules/@napi-rs/canvas-darwin-arm64'
38 silly reify ]
39 silly reify moves {
39 silly reify   '/Users/abhishek/Documents/Bills/billsbackend/node_modules/pdfjs-dist': '/Users/abhishek/Documents/Bills/billsbackend/node_modules/.pdfjs-dist-CLu1riCl',
39 silly reify   '/Users/abhishek/Documents/Bills/billsbackend/node_modules/pdf-parse': '/Users/abhishek/Documents/Bills/billsbackend/node_modules/.pdf-parse-tjuLx732',
39 silly reify   '/Users/abhishek/Documents/Bills/billsbackend/node_modules/.bin/pdf-parse': '/Users/abhishek/Documents/Bills/billsbackend/node_modules/.bin/.pdf-parse-YJXlLY0m',
39 silly reify   '/Users/abhishek/Documents/Bills/billsbackend/node_modules/@napi-rs/canvas': '/Users/abhishek/Documents/Bills/billsbackend/node_modules/@napi-rs/.canvas-q8OEX6Wj',
39 silly reify   '/Users/abhishek/Documents/Bills/billsbackend/node_modules/@napi-rs/canvas-darwin-arm64': '/Users/abhishek/Documents/Bills/billsbackend/node_modules/@napi-rs/.canvas-darwin-arm64-Y27yiCly'
39 silly reify }
40 silly audit bulk request {
40 silly audit   '@mongodb-js/saslprep': [ '1.1.7' ],
40 silly audit   '@types/webidl-conversions': [ '7.0.3' ],
40 silly audit   '@types/whatwg-url': [ '11.0.5' ],
40 silly audit   accepts: [ '1.3.8' ],
40 silly audit   anymatch: [ '3.1.3' ],
40 silly audit   'append-field': [ '1.0.0' ],
40 silly audit   'array-flatten': [ '1.1.1' ],
40 silly audit   'balanced-match': [ '1.0.2' ],
40 silly audit   bcryptjs: [ '3.0.3' ],
40 silly audit   'binary-extensions': [ '2.3.0' ],
40 silly audit   'body-parser': [ '1.20.2' ],
40 silly audit   'brace-expansion': [ '1.1.11' ],
40 silly audit   braces: [ '3.0.3' ],
40 silly audit   bson: [ '6.7.0' ],
40 silly audit   'buffer-from': [ '1.1.2' ],
40 silly audit   busboy: [ '1.6.0' ],
40 silly audit   bytes: [ '3.1.2' ],
40 silly audit   'call-bind': [ '1.0.7' ],
40 silly audit   chokidar: [ '3.6.0' ],
40 silly audit   'concat-map': [ '0.0.1' ],
40 silly audit   'concat-stream': [ '2.0.0' ],
40 silly audit   'content-disposition': [ '0.5.4' ],
40 silly audit   'content-type': [ '1.0.5' ],
40 silly audit   cookie: [ '0.6.0' ],
40 silly audit   'cookie-signature': [ '1.0.6' ],
40 silly audit   cors: [ '2.8.5' ],
40 silly audit   debug: [ '2.6.9', '4.3.4', '4.3.7', '3.2.7' ],
40 silly audit   'define-data-property': [ '1.1.4' ],
40 silly audit   depd: [ '2.0.0' ],
40 silly audit   destroy: [ '1.2.0' ],
40 silly audit   dotenv: [ '17.4.2' ],
40 silly audit   'ee-first': [ '1.1.1' ],
40 silly audit   encodeurl: [ '1.0.2' ],
40 silly audit   'es-define-property': [ '1.0.0' ],
40 silly audit   'es-errors': [ '1.3.0' ],
40 silly audit   'escape-html': [ '1.0.3' ],
40 silly audit   etag: [ '1.8.1' ],
40 silly audit   express: [ '4.19.2' ],
40 silly audit   'fill-range': [ '7.1.1' ],
40 silly audit   finalhandler: [ '1.2.0' ],
40 silly audit   forwarded: [ '0.2.0' ],
40 silly audit   fresh: [ '0.5.2' ],
40 silly audit   fsevents: [ '2.3.3' ],
40 silly audit   'function-bind': [ '1.1.2' ],
40 silly audit   'get-intrinsic': [ '1.2.4' ],
40 silly audit   'glob-parent': [ '5.1.2' ],
40 silly audit   gopd: [ '1.0.1' ],
40 silly audit   'has-flag': [ '3.0.0' ],
40 silly audit   'has-property-descriptors': [ '1.0.2' ],
40 silly audit   'has-proto': [ '1.0.3' ],
40 silly audit   'has-symbols': [ '1.0.3' ],
40 silly audit   hasown: [ '2.0.2' ],
40 silly audit   'http-errors': [ '2.0.0' ],
40 silly audit   'iconv-lite': [ '0.4.24' ],
40 silly audit   'ignore-by-default': [ '1.0.1' ],
40 silly audit   inherits: [ '2.0.4' ],
40 silly audit   'ipaddr.js': [ '1.9.1' ],
40 silly audit   'is-binary-path': [ '2.1.0' ],
40 silly audit   'is-extglob': [ '2.1.1' ],
40 silly audit   'is-glob': [ '4.0.3' ],
40 silly audit   'is-number': [ '7.0.0' ],
40 silly audit   kareem: [ '2.6.3' ],
40 silly audit   'media-typer': [ '0.3.0' ],
40 silly audit   'memory-pager': [ '1.5.0' ],
40 silly audit   'merge-descriptors': [ '1.0.1' ],
40 silly audit   methods: [ '1.1.2' ],
40 silly audit   mime: [ '1.6.0' ],
40 silly audit   'mime-db': [ '1.52.0' ],
40 silly audit   'mime-types': [ '2.1.35' ],
40 silly audit   minimatch: [ '3.1.2' ],
40 silly audit   mongodb: [ '6.6.2' ],
40 silly audit   'mongodb-connection-string-url': [ '3.0.1' ],
40 silly audit   mongoose: [ '8.4.0' ],
40 silly audit   ms: [ '2.1.3', '2.1.2', '2.0.0' ],
40 silly audit   mpath: [ '0.9.0' ],
40 silly audit   mquery: [ '5.0.0' ],
40 silly audit   multer: [ '2.1.1' ],
40 silly audit   negotiator: [ '0.6.3' ],
40 silly audit   nodemailer: [ '8.0.10' ],
40 silly audit   nodemon: [ '3.1.7' ],
40 silly audit   'normalize-path': [ '3.0.0' ],
40 silly audit   'object-assign': [ '4.1.1' ],
40 silly audit   'object-inspect': [ '1.13.1' ],
40 silly audit   'on-finished': [ '2.4.1' ],
40 silly audit   parseurl: [ '1.3.3' ],
40 silly audit   'path-to-regexp': [ '0.1.7' ],
40 silly audit   picomatch: [ '2.3.1' ],
40 silly audit   'proxy-addr': [ '2.0.7' ],
40 silly audit   'pstree.remy': [ '1.1.8' ],
40 silly audit   punycode: [ '2.3.1' ],
40 silly audit   qs: [ '6.11.0' ],
40 silly audit   'range-parser': [ '1.2.1' ],
40 silly audit   'raw-body': [ '2.5.2' ],
40 silly audit   'readable-stream': [ '3.6.2' ],
40 silly audit   readdirp: [ '3.6.0' ],
40 silly audit   'safe-buffer': [ '5.2.1' ],
40 silly audit   'safer-buffer': [ '2.1.2' ],
40 silly audit   semver: [ '7.6.3' ],
40 silly audit   send: [ '0.18.0' ],
40 silly audit   'serve-static': [ '1.15.0' ],
40 silly audit   'set-function-length': [ '1.2.2' ],
40 silly audit   setprototypeof: [ '1.2.0' ],
40 silly audit   'side-channel': [ '1.0.6' ],
40 silly audit   sift: [ '17.1.3' ],
40 silly audit   'simple-update-notifier': [ '2.0.0' ],
40 silly audit   'sparse-bitfield': [ '3.0.3' ],
40 silly audit   statuses: [ '2.0.1' ],
40 silly audit   streamsearch: [ '1.1.0' ],
40 silly audit   string_decoder: [ '1.3.0' ],
40 silly audit   'supports-color': [ '5.5.0' ],
40 silly audit   'to-regex-range': [ '5.0.1' ],
40 silly audit   toidentifier: [ '1.0.1' ],
40 silly audit   touch: [ '3.1.1' ],
40 silly audit   tr46: [ '4.1.1' ],
40 silly audit   'type-is': [ '1.6.18' ],
40 silly audit   typedarray: [ '0.0.6' ],
40 silly audit   undefsafe: [ '2.0.5' ],
40 silly audit   unpipe: [ '1.0.0' ],
40 silly audit   'util-deprecate': [ '1.0.2' ],
40 silly audit   'utils-merge': [ '1.0.1' ],
40 silly audit   vary: [ '1.1.2' ],
40 silly audit   'webidl-conversions': [ '7.0.0' ],
40 silly audit   'whatwg-url': [ '13.0.0' ],
40 silly audit   'pdf-parse': [ '1.1.1' ],
40 silly audit   'node-ensure': [ '0.0.0' ]
40 silly audit }
41 http cache node-ensure@https://registry.npmjs.org/node-ensure/-/node-ensure-0.0.0.tgz 0ms (cache hit)
42 http cache pdf-parse@https://registry.npmjs.org/pdf-parse/-/pdf-parse-1.1.1.tgz 0ms (cache hit)
43 http cache ms@https://registry.npmjs.org/ms/-/ms-2.1.3.tgz 0ms (cache hit)
44 http cache debug@https://registry.npmjs.org/debug/-/debug-3.2.7.tgz 0ms (cache hit)
45 silly tarball no local data for node-ensure@https://registry.npmjs.org/node-ensure/-/node-ensure-0.0.0.tgz. Extracting by manifest.
46 silly tarball no local data for pdf-parse@https://registry.npmjs.org/pdf-parse/-/pdf-parse-1.1.1.tgz. Extracting by manifest.
47 silly tarball no local data for ms@https://registry.npmjs.org/ms/-/ms-2.1.3.tgz. Extracting by manifest.
48 silly tarball no local data for debug@https://registry.npmjs.org/debug/-/debug-3.2.7.tgz. Extracting by manifest.
49 http fetch GET 200 https://registry.npmjs.org/node-ensure/-/node-ensure-0.0.0.tgz 45ms (cache miss)
50 http fetch GET 200 https://registry.npmjs.org/debug/-/debug-3.2.7.tgz 138ms (cache miss)
51 http fetch GET 200 https://registry.npmjs.org/ms/-/ms-2.1.3.tgz 154ms (cache miss)
52 http fetch POST 200 https://registry.npmjs.org/-/npm/v1/security/advisories/bulk 416ms
53 silly audit report {
53 silly audit report   'body-parser': [
53 silly audit report     {
53 silly audit report       id: 1099520,
53 silly audit report       url: 'https://github.com/advisories/GHSA-qwcr-r2fm-qrc7',
53 silly audit report       title: 'body-parser vulnerable to denial of service when url encoding is enabled',
53 silly audit report       severity: 'high',
53 silly audit report       vulnerable_versions: '<1.20.3',
53 silly audit report       cwe: [Array],
53 silly audit report       cvss: [Object]
53 silly audit report     }
53 silly audit report   ],
53 silly audit report   'brace-expansion': [
53 silly audit report     {
53 silly audit report       id: 1105443,
53 silly audit report       url: 'https://github.com/advisories/GHSA-v6h2-p8h4-qcjw',
53 silly audit report       title: 'brace-expansion Regular Expression Denial of Service vulnerability',
53 silly audit report       severity: 'low',
53 silly audit report       vulnerable_versions: '>=1.0.0 <=1.1.11',
53 silly audit report       cwe: [Array],
53 silly audit report       cvss: [Object]
53 silly audit report     },
53 silly audit report     {
53 silly audit report       id: 1115540,
53 silly audit report       url: 'https://github.com/advisories/GHSA-f886-m6hf-6m8v',
53 silly audit report       title: 'brace-expansion: Zero-step sequence causes process hang and memory exhaustion',
53 silly audit report       severity: 'moderate',
53 silly audit report       vulnerable_versions: '<1.1.13',
53 silly audit report       cwe: [Array],
53 silly audit report       cvss: [Object]
53 silly audit report     }
53 silly audit report   ],
53 silly audit report   cookie: [
53 silly audit report     {
53 silly audit report       id: 1103907,
53 silly audit report       url: 'https://github.com/advisories/GHSA-pxg6-pf52-xh8x',
53 silly audit report       title: 'cookie accepts cookie name, path, and domain with out of bounds characters',
53 silly audit report       severity: 'low',
53 silly audit report       vulnerable_versions: '<0.7.0',
53 silly audit report       cwe: [Array],
53 silly audit report       cvss: [Object]
53 silly audit report     }
53 silly audit report   ],
53 silly audit report   express: [
53 silly audit report     {
53 silly audit report       id: 1100530,
53 silly audit report       url: 'https://github.com/advisories/GHSA-qw6h-vgh9-j6wx',
53 silly audit report       title: 'express vulnerable to XSS via response.redirect()',
53 silly audit report       severity: 'low',
53 silly audit report       vulnerable_versions: '<4.20.0',
53 silly audit report       cwe: [Array],
53 silly audit report       cvss: [Object]
53 silly audit report     }
53 silly audit report   ],
53 silly audit report   minimatch: [
53 silly audit report     {
53 silly audit report       id: 1113459,
53 silly audit report       url: 'https://github.com/advisories/GHSA-3ppc-4f35-3m26',
53 silly audit report       title: 'minimatch has a ReDoS via repeated wildcards with non-matching literal in pattern',
53 silly audit report       severity: 'high',
53 silly audit report       vulnerable_versions: '<3.1.3',
53 silly audit report       cwe: [Array],
53 silly audit report       cvss: [Object]
53 silly audit report     },
53 silly audit report     {
53 silly audit report       id: 1113538,
53 silly audit report       url: 'https://github.com/advisories/GHSA-7r86-cg39-jmmj',
53 silly audit report       title: 'minimatch has ReDoS: matchOne() combinatorial backtracking via multiple non-adjacent GLOBSTAR segments',
53 silly audit report       severity: 'high',
53 silly audit report       vulnerable_versions: '<3.1.3',
53 silly audit report       cwe: [Array],
53 silly audit report       cvss: [Object]
53 silly audit report     },
53 silly audit report     {
53 silly audit report       id: 1113546,
53 silly audit report       url: 'https://github.com/advisories/GHSA-23c5-xmqv-rm74',
53 silly audit report       title: 'minimatch ReDoS: nested *() extglobs generate catastrophically backtracking regular expressions',
53 silly audit report       severity: 'high',
53 silly audit report       vulnerable_versions: '<3.1.4',
53 silly audit report       cwe: [Array],
53 silly audit report       cvss: [Object]
53 silly audit report     }
53 silly audit report   ],
53 silly audit report   mongoose: [
53 silly audit report     {
53 silly audit report       id: 1118997,
53 silly audit report       url: 'https://github.com/advisories/GHSA-wpg9-53fq-2r8h',
53 silly audit report       title: "Mongoose's Improper Sanitization of $nor in sanitizeFilter May Allow NoSQL Injection",
53 silly audit report       severity: 'high',
53 silly audit report       vulnerable_versions: '>=8.0.0 <=8.22.0',
53 silly audit report       cwe: [Array],
53 silly audit report       cvss: [Object]
53 silly audit report     },
53 silly audit report     {
53 silly audit report       id: 1112942,
53 silly audit report       url: 'https://github.com/advisories/GHSA-m7xq-9374-9rvx',
53 silly audit report       title: 'Mongoose search injection vulnerability',
53 silly audit report       severity: 'high',
53 silly audit report       vulnerable_versions: '>=8.0.0-rc0 <8.8.3',
53 silly audit report       cwe: [Array],
53 silly audit report       cvss: [Object]
53 silly audit report     },
53 silly audit report     {
53 silly audit report       id: 1117406,
53 silly audit report       url: 'https://github.com/advisories/GHSA-vg7j-7cwx-8wgw',
53 silly audit report       title: 'Mongoose search injection vulnerability',
53 silly audit report       severity: 'critical',
53 silly audit report       vulnerable_versions: '>=8.0.0-rc0 <8.9.5',
53 silly audit report       cwe: [Array],
53 silly audit report       cvss: [Object]
53 silly audit report     }
53 silly audit report   ],
53 silly audit report   'path-to-regexp': [
53 silly audit report     {
53 silly audit report       id: 1101850,
53 silly audit report       url: 'https://github.com/advisories/GHSA-9wv6-86v2-598j',
53 silly audit report       title: 'path-to-regexp outputs backtracking regular expressions',
53 silly audit report       severity: 'high',
53 silly audit report       vulnerable_versions: '<0.1.10',
53 silly audit report       cwe: [Array],
53 silly audit report       cvss: [Object]
53 silly audit report     },
53 silly audit report     {
53 silly audit report       id: 1105199,
53 silly audit report       url: 'https://github.com/advisories/GHSA-rhx6-c78j-4q9w',
53 silly audit report       title: 'path-to-regexp contains a ReDoS',
53 silly audit report       severity: 'high',
53 silly audit report       vulnerable_versions: '<0.1.12',
53 silly audit report       cwe: [Array],
53 silly audit report       cvss: [Object]
53 silly audit report     },
53 silly audit report     {
53 silly audit report       id: 1115527,
53 silly audit report       url: 'https://github.com/advisories/GHSA-37ch-88jc-xwx2',
53 silly audit report       title: 'path-to-regexp vulnerable to Regular Expression Denial of Service via multiple route parameters',
53 silly audit report       severity: 'high',
53 silly audit report       vulnerable_versions: '<0.1.13',
53 silly audit report       cwe: [Array],
53 silly audit report       cvss: [Object]
53 silly audit report     }
53 silly audit report   ],
53 silly audit report   picomatch: [
53 silly audit report     {
53 silly audit report       id: 1115549,
53 silly audit report       url: 'https://github.com/advisories/GHSA-3v7f-55p6-f55p',
53 silly audit report       title: 'Picomatch: Method Injection in POSIX Character Classes causes incorrect Glob Matching',
53 silly audit report       severity: 'moderate',
53 silly audit report       vulnerable_versions: '<2.3.2',
53 silly audit report       cwe: [Array],
53 silly audit report       cvss: [Object]
53 silly audit report     },
53 silly audit report     {
53 silly audit report       id: 1115552,
53 silly audit report       url: 'https://github.com/advisories/GHSA-c2c7-rcm5-vvqj',
53 silly audit report       title: 'Picomatch has a ReDoS vulnerability via extglob quantifiers',
53 silly audit report       severity: 'high',
53 silly audit report       vulnerable_versions: '<2.3.2',
53 silly audit report       cwe: [Array],
53 silly audit report       cvss: [Object]
53 silly audit report     }
53 silly audit report   ],
53 silly audit report   qs: [
53 silly audit report     {
53 silly audit report       id: 1113161,
53 silly audit report       url: 'https://github.com/advisories/GHSA-w7fw-mjwx-w883',
53 silly audit report       title: "qs's arrayLimit bypass in comma parsing allows denial of service",
53 silly audit report       severity: 'low',
53 silly audit report       vulnerable_versions: '>=6.7.0 <=6.14.1',
53 silly audit report       cwe: [Array],
53 silly audit report       cvss: [Object]
53 silly audit report     },
53 silly audit report     {
53 silly audit report       id: 1113719,
53 silly audit report       url: 'https://github.com/advisories/GHSA-6rw7-vpxm-498p',
53 silly audit report       title: "qs's arrayLimit bypass in its bracket notation allows DoS via memory exhaustion",
53 silly audit report       severity: 'moderate',
53 silly audit report       vulnerable_versions: '<6.14.1',
53 silly audit report       cwe: [Array],
53 silly audit report       cvss: [Object]
53 silly audit report     }
53 silly audit report   ],
53 silly audit report   send: [
53 silly audit report     {
53 silly audit report       id: 1109556,
53 silly audit report       url: 'https://github.com/advisories/GHSA-m6fv-jmcg-4jfg',
53 silly audit report       title: 'send vulnerable to template injection that can lead to XSS',
53 silly audit report       severity: 'low',
53 silly audit report       vulnerable_versions: '<0.19.0',
53 silly audit report       cwe: [Array],
53 silly audit report       cvss: [Object]
53 silly audit report     }
53 silly audit report   ],
53 silly audit report   'serve-static': [
53 silly audit report     {
53 silly audit report       id: 1100528,
53 silly audit report       url: 'https://github.com/advisories/GHSA-cm22-4g7w-348p',
53 silly audit report       title: 'serve-static vulnerable to template injection that can lead to XSS',
53 silly audit report       severity: 'low',
53 silly audit report       vulnerable_versions: '<1.16.0',
53 silly audit report       cwe: [Array],
53 silly audit report       cvss: [Object]
53 silly audit report     }
53 silly audit report   ]
53 silly audit report }
54 silly packumentCache corgi:https://registry.npmjs.org/body-parser cache-miss
55 silly packumentCache corgi:https://registry.npmjs.org/brace-expansion cache-miss
56 silly packumentCache corgi:https://registry.npmjs.org/cookie cache-miss
57 silly packumentCache corgi:https://registry.npmjs.org/express cache-miss
58 silly packumentCache corgi:https://registry.npmjs.org/minimatch cache-miss
59 silly packumentCache corgi:https://registry.npmjs.org/mongoose cache-miss
60 silly packumentCache corgi:https://registry.npmjs.org/path-to-regexp cache-miss
61 silly packumentCache corgi:https://registry.npmjs.org/picomatch cache-miss
62 silly packumentCache corgi:https://registry.npmjs.org/qs cache-miss
63 silly packumentCache corgi:https://registry.npmjs.org/send cache-miss
64 silly packumentCache corgi:https://registry.npmjs.org/serve-static cache-miss
65 http fetch GET 200 https://registry.npmjs.org/minimatch 82ms (cache revalidated)
66 silly packumentCache corgi:https://registry.npmjs.org/minimatch set size:168441 disposed:false
67 http fetch GET 200 https://registry.npmjs.org/body-parser 85ms (cache revalidated)
68 silly packumentCache corgi:https://registry.npmjs.org/body-parser set size:78944 disposed:false
69 http fetch GET 200 https://registry.npmjs.org/express 85ms (cache revalidated)
70 silly packumentCache corgi:https://registry.npmjs.org/express set size:339376 disposed:false
71 http fetch GET 200 https://registry.npmjs.org/cookie 87ms (cache revalidated)
72 silly packumentCache corgi:https://registry.npmjs.org/cookie set size:23677 disposed:false
73 http fetch GET 200 https://registry.npmjs.org/brace-expansion 293ms (cache revalidated)
74 silly packumentCache corgi:https://registry.npmjs.org/brace-expansion set size:24623 disposed:false
75 http fetch GET 200 https://registry.npmjs.org/picomatch 334ms (cache revalidated)
76 silly packumentCache corgi:https://registry.npmjs.org/picomatch set size:44414 disposed:false
77 http fetch GET 200 https://registry.npmjs.org/qs 335ms (cache revalidated)
78 silly packumentCache corgi:https://registry.npmjs.org/qs set size:146581 disposed:false
79 http fetch GET 200 https://registry.npmjs.org/serve-static 335ms (cache revalidated)
80 silly packumentCache corgi:https://registry.npmjs.org/serve-static set size:58234 disposed:false
81 http fetch GET 200 https://registry.npmjs.org/path-to-regexp 351ms (cache revalidated)
82 silly packumentCache corgi:https://registry.npmjs.org/path-to-regexp set size:66575 disposed:false
83 http fetch GET 200 https://registry.npmjs.org/send 560ms (cache revalidated)
84 silly packumentCache corgi:https://registry.npmjs.org/send set size:63171 disposed:false
85 http fetch GET 200 https://registry.npmjs.org/mongoose 628ms (cache revalidated)
86 silly packumentCache corgi:https://registry.npmjs.org/mongoose set size:1616273 disposed:false
87 silly packumentCache corgi:https://registry.npmjs.org/nodemon cache-miss
88 http fetch GET 200 https://registry.npmjs.org/nodemon 75ms (cache revalidated)
89 silly packumentCache corgi:https://registry.npmjs.org/nodemon set size:282567 disposed:false
90 silly packumentCache corgi:https://registry.npmjs.org/anymatch cache-miss
91 silly packumentCache corgi:https://registry.npmjs.org/readdirp cache-miss
92 http fetch GET 200 https://registry.npmjs.org/readdirp 86ms (cache revalidated)
93 silly packumentCache corgi:https://registry.npmjs.org/readdirp set size:47123 disposed:false
94 http fetch GET 200 https://registry.npmjs.org/anymatch 87ms (cache revalidated)
95 silly packumentCache corgi:https://registry.npmjs.org/anymatch set size:18345 disposed:false
96 http fetch GET 200 https://registry.npmjs.org/pdf-parse/-/pdf-parse-1.1.1.tgz 1254ms (cache miss)
97 silly ADD node_modules/node-ensure
98 silly REMOVE node_modules/@napi-rs/canvas-darwin-arm64
99 silly REMOVE node_modules/@napi-rs/canvas
100 silly CHANGE node_modules/pdf-parse
101 silly ADD node_modules/pdf-parse/node_modules/ms
102 silly ADD node_modules/pdf-parse/node_modules/debug
103 silly REMOVE node_modules/pdfjs-dist
104 verbose cwd /Users/abhishek/Documents/Bills/billsbackend
105 verbose os Darwin 25.5.0
106 verbose node v24.15.0
107 verbose npm  v11.12.1
108 verbose exit 0
109 info ok
